============================================================
  Generated by:           Genus(TM) Synthesis Solution 17.22-s017_1
  Generated on:           May 19 2025  07:13:22 pm
  Module:                 project
  Operating conditions:   slow (balanced_tree)
  Wireload mode:          enclosed
  Area mode:              timing library
============================================================


Path 1: VIOLATED (-1165 ps) Setup Check with Pin p_reg[14]/CK->D
          Group: clk
     Startpoint: (F) b[7]
          Clock: (R) clk
       Endpoint: (R) p_reg[14]/D
          Clock: (R) clk

                     Capture       Launch     
        Clock Edge:+    2000            0     
       Src Latency:+       0            0     
       Net Latency:+       0 (I)        0 (I) 
           Arrival:=    2000            0     
                                              
             Setup:-     133                  
       Uncertainty:-      10                  
     Required Time:=    1857                  
      Launch Clock:-       0                  
       Input Delay:-    1000                  
         Data Path:-    2022                  
             Slack:=   -1165                  

Exceptions/Constraints:
  input_delay             1000            sdc.sdc_line_6 

#-------------------------------------------------------------------------------------------------------------------
#               Timing Point                 Flags   Arc   Edge   Cell     Fanout Load Trans Delay Arrival Instance 
#                                                                                 (fF)  (ps)  (ps)   (ps)  Location 
#-------------------------------------------------------------------------------------------------------------------
  b[7]                                       -       -     F     (arrival)      8 40.6     0     0    1000    (-,-) 
  vm/u2_u2/g46__7114/Y                       -       A->Y  R     NAND2X8        1 10.5    28    26    1026    (-,-) 
  vm/u2_u2/g44/Y                             -       A->Y  F     CLKINVX4       2  9.6    24    29    1055    (-,-) 
  vm/u2_u2/ha1/g28__8757/Y                   -       A->Y  F     CLKAND2X6      4 30.8    63   136    1191    (-,-) 
  vm/u2_u2/ha2/g30__5703/Y                   -       B->Y  F     CLKAND2X3      4 24.7    82   153    1344    (-,-) 
  vm/fopt5802/Y                              -       A->Y  R     INVX4          1 10.9    44    51    1395    (-,-) 
  vm/g5731__2703/Y                           -       B1->Y F     OAI22X4        2 21.2   128    96    1492    (-,-) 
  vm/g5727/Y                                 -       A->Y  R     CLKINVX4       1 10.9    55    59    1551    (-,-) 
  vm/g5722__1786/Y                           -       B1->Y F     OAI22X4        3 12.3    95    79    1629    (-,-) 
  vm/g5693__4296/Y                           -       B->Y  F     OR2X1          2  7.9    88   181    1811    (-,-) 
  vm/g5698__8780/Y                           -       B->Y  R     NAND2X2        1  5.1    60    56    1866    (-,-) 
  vm/g5681__1786/Y                           -       S0->Y R     MXI2X1         2  7.9   169   178    2044    (-,-) 
  vm/csa_tree_add_69_22_groupi_g1331__5953/Y -       B->Y  F     XNOR3X1        2  4.4   101   284    2329    (-,-) 
  vm/csa_tree_add_69_22_groupi_g1324/Y       -       A->Y  R     INVXL          1  5.3    96   101    2430    (-,-) 
  vm/csa_tree_add_69_22_groupi_g1316__4547/Y -       B->Y  F     NAND2X2        2  7.0    77    77    2507    (-,-) 
  vm/csa_tree_add_69_22_groupi_g1290__5953/Y -       B0->Y R     OAI21X2        2  7.0    99    61    2568    (-,-) 
  vm/csa_tree_add_69_22_groupi_g1281__1309/Y -       C->Y  F     NAND3X2        1  2.8    82    80    2648    (-,-) 
  vm/csa_tree_add_69_22_groupi_g1280__2683/Y -       B->Y  R     NAND2X1        1  5.4    68    74    2721    (-,-) 
  vm/csa_tree_add_69_22_groupi_g1264__2703/Y -       B->Y  F     NOR2X2         4  9.7    56    54    2776    (-,-) 
  vm/csa_tree_add_69_22_groupi_g1256__5953/Y -       A1->Y R     OAI21X1        2  3.2    98    92    2868    (-,-) 
  vm/csa_tree_add_69_22_groupi_g1255/Y       -       A->Y  F     INVXL          1  1.7    48    47    2914    (-,-) 
  vm/csa_tree_add_69_22_groupi_g1249__7675/Y -       A->Y  R     MXI2XL         1  2.2   115   108    3022    (-,-) 
  p_reg[14]/D                                <<<     -     R     DFFHQX1        1    -     -     0    3022    (-,-) 
#-------------------------------------------------------------------------------------------------------------------

