============================================================
  Generated by:           Genus(TM) Synthesis Solution 17.22-s017_1
  Generated on:           May 19 2025  07:13:22 pm
  Module:                 project
  Operating conditions:   slow (balanced_tree)
  Wireload mode:          enclosed
  Area mode:              timing library
============================================================

 Instance     Module      Cell Count  Cell Area  Net Area   Total Area  Wireload     
-------------------------------------------------------------------------------------
project                          515   3246.344     0.000     3246.344    <none> (D) 
  vm      vedic_8x8_comb         499   2983.700     0.000     2983.700    <none> (D) 
    u2_u2 vedic_2x2_71            12    108.994     0.000      108.994    <none> (D) 
      ha2 half_adder_45            3     33.304     0.000       33.304    <none> (D) 
      ha1 half_adder_46            3     24.221     0.000       24.221    <none> (D) 
    u0_u1 vedic_2x2_80            12    105.966     0.000      105.966    <none> (D) 
      ha2 half_adder_63            3     33.304     0.000       33.304    <none> (D) 
      ha1 half_adder_64            3     24.978     0.000       24.978    <none> (D) 
    u1_u2 vedic_2x2_75            12     99.154     0.000       99.154    <none> (D) 
      ha2 half_adder_53            3     33.304     0.000       33.304    <none> (D) 
      ha1 half_adder_54            3     24.221     0.000       24.221    <none> (D) 
    u0_u2 vedic_2x2_79            12     93.856     0.000       93.856    <none> (D) 
      ha2 half_adder_61            3     29.519     0.000       29.519    <none> (D) 
      ha1 half_adder_62            3     27.248     0.000       27.248    <none> (D) 
    u2_u1 vedic_2x2_72            12     82.502     0.000       82.502    <none> (D) 
      ha2 half_adder_47            3     23.464     0.000       23.464    <none> (D) 
      ha1 half_adder_48            3     17.409     0.000       17.409    <none> (D) 
    u1_u1 vedic_2x2_76            14     73.419     0.000       73.419    <none> (D) 
      ha1 half_adder_56            3     18.166     0.000       18.166    <none> (D) 
      ha2 half_adder_55            3     17.409     0.000       17.409    <none> (D) 
    u2_u3 vedic_2x2_70            10     61.309     0.000       61.309    <none> (D) 
      ha1 half_adder_44            3     18.922     0.000       18.922    <none> (D) 
      ha2 half_adder_43            1     12.110     0.000       12.110    <none> (D) 
    u0_u3 vedic_2x2_78            10     56.767     0.000       56.767    <none> (D) 
      ha1 half_adder_60            3     21.193     0.000       21.193    <none> (D) 
      ha2 half_adder_59            3     12.110     0.000       12.110    <none> (D) 
    u2_u0 vedic_2x2_73            10     56.011     0.000       56.011    <none> (D) 
      ha2 half_adder_49            2     17.409     0.000       17.409    <none> (D) 
      ha1 half_adder_50            2     15.138     0.000       15.138    <none> (D) 
    u1_u3 vedic_2x2_74            10     53.740     0.000       53.740    <none> (D) 
      ha1 half_adder_52            3     18.922     0.000       18.922    <none> (D) 
      ha2 half_adder_51            1     12.110     0.000       12.110    <none> (D) 
    u0_u0 vedic_2x2               11     51.469     0.000       51.469    <none> (D) 
      ha2 half_adder_65            3     16.652     0.000       16.652    <none> (D) 
      ha1 half_adder               2     11.354     0.000       11.354    <none> (D) 
    u1_u0 vedic_2x2_77            10     46.171     0.000       46.171    <none> (D) 
      ha2 half_adder_57            2     13.624     0.000       13.624    <none> (D) 
      ha1 half_adder_58            2     11.354     0.000       11.354    <none> (D) 
    u3_u2 vedic_2x2_67             8     43.900     0.000       43.900    <none> (D) 
      ha2 half_adder_37            3     12.110     0.000       12.110    <none> (D) 
      ha1 half_adder_38            1     12.110     0.000       12.110    <none> (D) 
    u3_u0 vedic_2x2_69             9     43.143     0.000       43.143    <none> (D) 
      ha2 half_adder_41            3     12.110     0.000       12.110    <none> (D) 
      ha1 half_adder_42            2     11.354     0.000       11.354    <none> (D) 
    u3_u3 vedic_2x2_66             6     42.386     0.000       42.386    <none> (D) 
      ha2 half_adder_35            1     12.110     0.000       12.110    <none> (D) 
      ha1 half_adder_36            1     12.110     0.000       12.110    <none> (D) 
    u3_u1 vedic_2x2_68             9     40.873     0.000       40.873    <none> (D) 
      ha2 half_adder_39            3     12.110     0.000       12.110    <none> (D) 
      ha1 half_adder_40            2     10.597     0.000       10.597    <none> (D) 

 (D) = wireload is default in technology library
