============================================================
  Generated by:           Genus(TM) Synthesis Solution 17.22-s017_1
  Generated on:           May 19 2025  07:13:22 pm
  Module:                 project
  Technology library:     slow 
  Operating conditions:   slow (balanced_tree)
  Wireload mode:          enclosed
  Area mode:              timing library
============================================================

                 Leakage    Dynamic      Total    
 Instance Cells Power(nW)  Power(nW)   Power(nW)  
--------------------------------------------------
project     515 19793.903 1438430.389 1458224.292 
  vm        499 18097.941 1136725.262 1154823.203 
    u2_u2    12   802.995   36632.221   37435.216 
      ha2     3   224.862   10584.282   10809.144 
      ha1     3   209.815    9057.290    9267.105 
    u0_u1    12   772.723   35717.575   36490.299 
      ha2     3   224.862    9820.351   10045.213 
      ha1     3   215.615    9435.233    9650.848 
    u1_u2    12   710.690   31175.260   31885.950 
      ha2     3   224.862    9396.538    9621.401 
      ha1     3   209.815    8866.652    9076.467 
    u0_u2    12   685.211   29163.402   29848.614 
      ha2     3   233.480    6791.380    7024.860 
      ha1     3   215.573    9534.480    9750.053 
    u2_u1    12   545.967   24948.718   25494.685 
      ha2     3   152.868    6362.168    6515.036 
      ha1     3   117.086    5198.238    5315.325 
    u1_u1    14   488.775   30151.836   30640.611 
      ha1     3   129.203    9304.187    9433.390 
      ha2     3    99.178    5065.507    5164.685 
    u2_u3    10   413.049   25435.401   25848.450 
      ha1     3   135.294   14760.286   14895.580 
      ha2     1    95.531    1865.837    1961.368 
    u0_u3    10   402.994   18378.691   18781.686 
      ha1     3   165.197    8908.131    9073.328 
      ha2     3    57.677    2161.156    2218.833 
    u2_u0    10   387.958   12614.776   13002.734 
      ha2     2   153.323    2715.535    2868.858 
      ha1     2   112.220    4324.862    4437.082 
    u1_u3    10   340.573   17658.622   17999.195 
      ha1     3   135.003    8668.942    8803.946 
      ha2     1    86.962    1532.941    1619.903 
    u0_u0    11   307.631   12684.367   12991.998 
      ha2     3   111.287    4025.896    4137.182 
      ha1     2    76.437    3457.959    3534.396 
    u1_u0    10   302.401   12118.657   12421.058 
      ha2     2   117.540    2701.638    2819.178 
      ha1     2    76.437    4236.837    4313.274 
    u3_u3     6   299.747    9098.832    9398.579 
      ha1     1    95.531    3144.735    3240.267 
      ha2     1    95.531    1562.800    1658.331 
    u3_u2     8   297.546   12915.781   13213.327 
      ha1     1    95.531    3383.114    3478.645 
      ha2     3    57.677    3056.419    3114.096 
    u3_u0     9   278.452   12528.265   12806.717 
      ha1     2    76.437    4235.501    4311.937 
      ha2     3    57.677    2490.259    2547.936 
    u3_u1     9   224.972   10931.080   11156.052 
      ha1     2    58.610    3672.978    3731.589 
      ha2     3    57.677    2596.603    2654.280 

