============================================================
  Generated by:           Genus(TM) Synthesis Solution 17.22-s017_1
  Generated on:           May 19 2025  07:13:22 pm
  Module:                 project
  Technology library:     slow 
  Operating conditions:   slow (balanced_tree)
  Wireload mode:          enclosed
  Area mode:              timing library
============================================================

                               
   Gate    Instances    Area   Library 
---------------------------------------
ACHCONX2           1    37.845    slow 
ADDFX1             4    78.718    slow 
ADDFXL             2    39.359    slow 
ADDHX1             4    48.442    slow 
ADDHXL             1    12.110    slow 
AND2X1            33   149.866    slow 
AND2X6             1    11.354    slow 
AND2XL             1     4.541    slow 
AOI21X1           13    59.038    slow 
AOI21X2            9    74.933    slow 
AOI21X4            3    43.143    slow 
AOI22X1            1     6.055    slow 
AOI2BB1X1          5    30.276    slow 
AOI31X1            2    12.110    slow 
BUFX2              4    18.166    slow 
BUFX3              1     6.055    slow 
CLKAND2X2         17    90.071    slow 
CLKAND2X3         12   108.994    slow 
CLKAND2X4          4    39.359    slow 
CLKAND2X6          5    75.690    slow 
CLKBUFX2           5    22.707    slow 
CLKINVX1          33    74.933    slow 
CLKINVX2          11    41.630    slow 
CLKINVX3           5    22.707    slow 
CLKINVX4           2    12.110    slow 
CLKXOR2X1          7    58.281    slow 
DFFHQX1           11   183.170    slow 
DFFQXL             5    79.475    slow 
INVX1             21    47.685    slow 
INVX2              4    15.138    slow 
INVX3              1     4.541    slow 
INVX4              1     6.055    slow 
INVXL             18    40.873    slow 
MXI2X1            10    68.121    slow 
MXI2XL             6    36.331    slow 
NAND2BX1          17    77.204    slow 
NAND2BX2           5    34.060    slow 
NAND2BXL           2     9.083    slow 
NAND2X1           20    75.690    slow 
NAND2X2           15    90.828    slow 
NAND2X4            9    88.557    slow 
NAND2X6            1    14.381    slow 
NAND2X8            1    16.652    slow 
NAND2XL           21    63.580    slow 
NAND3BX1           3    18.166    slow 
NAND3X1            1     4.541    slow 
NAND3X2            2    16.652    slow 
NOR2BX1           13    59.038    slow 
NOR2BXL            2     9.083    slow 
NOR2X1            15    56.767    slow 
NOR2X2            18   108.994    slow 
NOR2X4             4    39.359    slow 
NOR2XL            22    66.607    slow 
NOR3BX1            1     6.055    slow 
OA21XL             1     6.812    slow 
OAI211X1           1     5.298    slow 
OAI21X1           28   127.159    slow 
OAI21X2            7    58.281    slow 
OAI21XL            4    18.166    slow 
OAI22X2            5    49.199    slow 
OAI22X4            2    40.873    slow 
OAI2BB1X1         10    52.983    slow 
OAI2BB1X2          1     7.569    slow 
OR2X1              2     9.083    slow 
OR2XL              1     4.541    slow 
XNOR2X1            4    33.304    slow 
XNOR3X1            5   113.535    slow 
XNOR3XL            1    22.707    slow 
XOR3X1             8   181.656    slow 
---------------------------------------
total            515  3246.344         


                                         
     Type      Instances   Area   Area % 
-----------------------------------------
sequential            16  262.644    8.1 
inverter              96  265.672    8.2 
buffer                10   46.928    1.4 
logic                393 2671.100   82.3 
physical_cells         0    0.000    0.0 
-----------------------------------------
total                515 3246.344  100.0 

